{"C:\\Users\\juanf\\OneDrive\\Escritorio\\AdventCrack-2024\\index.js": {"path":"C:\\Users\\juanf\\OneDrive\\Escritorio\\AdventCrack-2024\\index.js","all":false,"statementMap":{"0":{"start":{"line":1,"column":0},"end":{"line":1,"column":34}},"1":{"start":{"line":2,"column":0},"end":{"line":2,"column":29}},"2":{"start":{"line":3,"column":0},"end":{"line":3,"column":2}},"3":{"start":{"line":4,"column":0},"end":{"line":4,"column":0}},"4":{"start":{"line":5,"column":0},"end":{"line":5,"column":14}}},"s":{"0":1,"1":4,"2":4,"3":1,"4":1},"branchMap":{"0":{"type":"branch","line":1,"loc":{"start":{"line":1,"column":27},"end":{"line":3,"column":2}},"locations":[{"start":{"line":1,"column":27},"end":{"line":3,"column":2}}]}},"b":{"0":[4]},"fnMap":{"0":{"name":"hello_world","decl":{"start":{"line":1,"column":27},"end":{"line":3,"column":2}},"loc":{"start":{"line":1,"column":27},"end":{"line":3,"column":2}},"line":1}},"f":{"0":4}}
,"C:\\Users\\juanf\\OneDrive\\Escritorio\\AdventCrack-2024\\problem_day_one\\solution.js": {"path":"C:\\Users\\juanf\\OneDrive\\Escritorio\\AdventCrack-2024\\problem_day_one\\solution.js","all":true,"statementMap":{},"s":{},"branchMap":{"0":{"type":"branch","line":1,"loc":{"start":{"line":1,"column":0},"end":{"line":1,"column":0}},"locations":[{"start":{"line":1,"column":0},"end":{"line":1,"column":0}}]}},"b":{"0":[1]},"fnMap":{"0":{"name":"(empty-report)","decl":{"start":{"line":1,"column":0},"end":{"line":1,"column":0}},"loc":{"start":{"line":1,"column":0},"end":{"line":1,"column":0}},"line":1}},"f":{"0":1}}
}
